[astropy__astropy__5.1] [astropy__astropy-14365] Task Metadata:
	- Instance ID: astropy__astropy-14365
	- Testbed: astropy__astropy__5.1
	- Evaluation Model: aider--ollama_chat-mistral-small
	- Python version: Python 3.11.8
 
[astropy__astropy__5.1] [astropy__astropy-14365] Command: git -c advice.detachedHead=false checkout 7269fa3e33e8d02485a647da91a5a2a60a06af61 
[astropy__astropy__5.1] [astropy__astropy-14365] Subprocess args: {"cwd": "/home/swe-bench/astropy__astropy", "check": true, "shell": false, "universal_newlines": true, "stdout": -1, "stderr": -2} 
[astropy__astropy__5.1] [astropy__astropy-14365] Std. Output:
Previous HEAD position was 5f74eacbc Merge pull request #14586 from larrybradley/fix-typo
HEAD is now at 7269fa3e3 Merge pull request #14013 from WilliamJamieson/deprecate/Voigt1D_humlicek2_option
 
[astropy__astropy__5.1] [astropy__astropy-14365] Return Code: 0 
[astropy__astropy__5.1] [astropy__astropy-14365] Command: git apply -v /home/swe-bench/temp_astropy__astropy-14365_pred_try.patch 
[astropy__astropy__5.1] [astropy__astropy-14365] Subprocess args: {"cwd": "/home/swe-bench/astropy__astropy", "check": false, "shell": false, "universal_newlines": true, "stdout": -1, "stderr": -2} 
[astropy__astropy__5.1] [astropy__astropy-14365] Std. Output:
Checking patch ### File: astropy/conftest.py...
Checking patch ### File: astropy/io/ascii/qdp.py...
Checking patch ### File: astropy/io/ascii/tests/test_qdp.py...
Checking patch astropy/io/ascii/qdp.py...
Applied patch ### File: astropy/conftest.py cleanly.
Applied patch ### File: astropy/io/ascii/qdp.py cleanly.
Applied patch ### File: astropy/io/ascii/tests/test_qdp.py cleanly.
Applied patch astropy/io/ascii/qdp.py cleanly.
 
[astropy__astropy__5.1] [astropy__astropy-14365] Return Code: 0 
[astropy__astropy__5.1] [astropy__astropy-14365] Apply patch successful (pred_try) 
>>>>> Applied Patch (pred_try)
[astropy__astropy__5.1] [astropy__astropy-14365] Command: git apply -v -R /home/swe-bench/temp_astropy__astropy-14365_pred_try.patch 
[astropy__astropy__5.1] [astropy__astropy-14365] Subprocess args: {"cwd": "/home/swe-bench/astropy__astropy", "check": false, "shell": false, "universal_newlines": true, "stdout": -1, "stderr": -2} 
[astropy__astropy__5.1] [astropy__astropy-14365] Std. Output:
Checking patch astropy/io/ascii/qdp.py...
Checking patch ### File: astropy/io/ascii/tests/test_qdp.py...
Checking patch ### File: astropy/io/ascii/qdp.py...
Checking patch ### File: astropy/conftest.py...
Applied patch astropy/io/ascii/qdp.py cleanly.
Applied patch ### File: astropy/io/ascii/tests/test_qdp.py cleanly.
Applied patch ### File: astropy/io/ascii/qdp.py cleanly.
Applied patch ### File: astropy/conftest.py cleanly.
 
[astropy__astropy__5.1] [astropy__astropy-14365] Return Code: 0 
[astropy__astropy__5.1] [astropy__astropy-14365] Revert patch successful (pred_try) 
>>>>> Applied Patch (pred_try)
[astropy__astropy__5.1] [astropy__astropy-14365] Command: git apply -v /home/swe-bench/temp_astropy__astropy-14365_pred.patch 
[astropy__astropy__5.1] [astropy__astropy-14365] Subprocess args: {"cwd": "/home/swe-bench/astropy__astropy", "check": false, "shell": false, "universal_newlines": true, "stdout": -1, "stderr": -2} 
[astropy__astropy__5.1] [astropy__astropy-14365] Std. Output:
Checking patch ### File: astropy/conftest.py...
Checking patch ### File: astropy/io/ascii/qdp.py...
Checking patch ### File: astropy/io/ascii/tests/test_qdp.py...
Checking patch astropy/io/ascii/qdp.py...
Applied patch ### File: astropy/conftest.py cleanly.
Applied patch ### File: astropy/io/ascii/qdp.py cleanly.
Applied patch ### File: astropy/io/ascii/tests/test_qdp.py cleanly.
Applied patch astropy/io/ascii/qdp.py cleanly.
 
[astropy__astropy__5.1] [astropy__astropy-14365] Return Code: 0 
[astropy__astropy__5.1] [astropy__astropy-14365] Apply patch successful (pred) 
>>>>> Applied Patch (pred)
[astropy__astropy__5.1] [astropy__astropy-14365] Command: git restore astropy/io/ascii/tests/test_qdp.py 
[astropy__astropy__5.1] [astropy__astropy-14365] Subprocess args: {"cwd": "/home/swe-bench/astropy__astropy", "check": true, "shell": false, "universal_newlines": true, "stdout": -1, "stderr": -2} 
[astropy__astropy__5.1] [astropy__astropy-14365] Std. Output:
 
[astropy__astropy__5.1] [astropy__astropy-14365] Return Code: 0 
[astropy__astropy__5.1] [astropy__astropy-14365] Command: git apply -v /home/swe-bench/temp_astropy__astropy-14365_test.patch 
[astropy__astropy__5.1] [astropy__astropy-14365] Subprocess args: {"cwd": "/home/swe-bench/astropy__astropy", "check": false, "shell": false, "universal_newlines": true, "stdout": -1, "stderr": -2} 
[astropy__astropy__5.1] [astropy__astropy-14365] Std. Output:
Checking patch astropy/io/ascii/tests/test_qdp.py...
Applied patch astropy/io/ascii/tests/test_qdp.py cleanly.
 
[astropy__astropy__5.1] [astropy__astropy-14365] Return Code: 0 
[astropy__astropy__5.1] [astropy__astropy-14365] Apply patch successful (test) 
>>>>> Applied Patch (test)
Test Script: conda run -n astropy__astropy__5.1  pytest --no-header -rA --tb=no -p no:cacheprovider astropy/io/ascii/tests/test_qdp.py;
[astropy__astropy__5.1] [astropy__astropy-14365] Command: conda run -n astropy__astropy__5.1 pytest --no-header -rA --tb=no -p no:cacheprovider astropy/io/ascii/tests/test_qdp.py 
[astropy__astropy__5.1] [astropy__astropy-14365] Subprocess args: {"cwd": "/home/swe-bench/astropy__astropy", "check": false, "shell": false, "universal_newlines": true, "stdout": -1, "stderr": -2, "timeout": 1800} 
[astropy__astropy__5.1] [astropy__astropy-14365] Std. Output:
<frozen importlib._bootstrap>:228: RuntimeWarning: numpy.ndarray size changed, may indicate binary incompatibility. Expected 80 from C header, got 96 from PyObject
INTERNALERROR> Traceback (most recent call last):
INTERNALERROR>   File "/home/swe-bench/miniconda3/envs/astropy__astropy__5.1/lib/python3.9/site-packages/_pytest/main.py", line 266, in wrap_session
INTERNALERROR>     config._do_configure()
INTERNALERROR>   File "/home/swe-bench/miniconda3/envs/astropy__astropy__5.1/lib/python3.9/site-packages/_pytest/config/__init__.py", line 1054, in _do_configure
INTERNALERROR>     self.hook.pytest_configure.call_historic(kwargs=dict(config=self))
INTERNALERROR>   File "/home/swe-bench/miniconda3/envs/astropy__astropy__5.1/lib/python3.9/site-packages/pluggy/_hooks.py", line 514, in call_historic
INTERNALERROR>     res = self._hookexec(self.name, self._hookimpls, kwargs, False)
INTERNALERROR>   File "/home/swe-bench/miniconda3/envs/astropy__astropy__5.1/lib/python3.9/site-packages/pluggy/_manager.py", line 115, in _hookexec
INTERNALERROR>     return self._inner_hookexec(hook_name, methods, kwargs, firstresult)
INTERNALERROR>   File "/home/swe-bench/miniconda3/envs/astropy__astropy__5.1/lib/python3.9/site-packages/pluggy/_callers.py", line 113, in _multicall
INTERNALERROR>     raise exception.with_traceback(exception.__traceback__)
INTERNALERROR>   File "/home/swe-bench/miniconda3/envs/astropy__astropy__5.1/lib/python3.9/site-packages/pluggy/_callers.py", line 77, in _multicall
INTERNALERROR>     res = hook_impl.function(*args)
INTERNALERROR>   File "/home/swe-bench/astropy__astropy/astropy/conftest.py", line 65, in pytest_configure
INTERNALERROR>     from astropy.utils.iers import conf as iers_conf
INTERNALERROR>   File "/home/swe-bench/astropy__astropy/astropy/utils/iers/__init__.py", line 1, in <module>
INTERNALERROR>     from .iers import *
INTERNALERROR>   File "/home/swe-bench/astropy__astropy/astropy/utils/iers/iers.py", line 23, in <module>
INTERNALERROR>     from astropy.table import MaskedColumn, QTable
INTERNALERROR>   File "/home/swe-bench/astropy__astropy/astropy/table/__init__.py", line 118, in <module>
INTERNALERROR>     import astropy.io.ascii.connect
INTERNALERROR>   File "/home/swe-bench/astropy__astropy/astropy/io/ascii/__init__.py", line 64, in <module>
INTERNALERROR>     from .qdp import QDP
INTERNALERROR>   File "/home/swe-bench/astropy__astropy/astropy/io/ascii/qdp.py", line 4, in <module>
INTERNALERROR>     from astropy.io.ascii import QDPReader
INTERNALERROR> ImportError: cannot import name 'QDPReader' from partially initialized module 'astropy.io.ascii' (most likely due to a circular import) (/home/swe-bench/astropy__astropy/astropy/io/ascii/__init__.py)
Traceback (most recent call last):
  File "/home/swe-bench/miniconda3/envs/astropy__astropy__5.1/bin/pytest", line 8, in <module>
    sys.exit(console_main())
  File "/home/swe-bench/miniconda3/envs/astropy__astropy__5.1/lib/python3.9/site-packages/_pytest/config/__init__.py", line 189, in console_main
    code = main()
  File "/home/swe-bench/miniconda3/envs/astropy__astropy__5.1/lib/python3.9/site-packages/_pytest/config/__init__.py", line 166, in main
    ret: Union[ExitCode, int] = config.hook.pytest_cmdline_main(
  File "/home/swe-bench/miniconda3/envs/astropy__astropy__5.1/lib/python3.9/site-packages/pluggy/_hooks.py", line 493, in __call__
    return self._hookexec(self.name, self._hookimpls, kwargs, firstresult)
  File "/home/swe-bench/miniconda3/envs/astropy__astropy__5.1/lib/python3.9/site-packages/pluggy/_manager.py", line 115, in _hookexec
    return self._inner_hookexec(hook_name, methods, kwargs, firstresult)
  File "/home/swe-bench/miniconda3/envs/astropy__astropy__5.1/lib/python3.9/site-packages/pluggy/_callers.py", line 113, in _multicall
    raise exception.with_traceback(exception.__traceback__)
  File "/home/swe-bench/miniconda3/envs/astropy__astropy__5.1/lib/python3.9/site-packages/pluggy/_callers.py", line 77, in _multicall
    res = hook_impl.function(*args)
  File "/home/swe-bench/miniconda3/envs/astropy__astropy__5.1/lib/python3.9/site-packages/_pytest/main.py", line 317, in pytest_cmdline_main
    return wrap_session(config, _main)
  File "/home/swe-bench/miniconda3/envs/astropy__astropy__5.1/lib/python3.9/site-packages/_pytest/main.py", line 312, in wrap_session
    config._ensure_unconfigure()
  File "/home/swe-bench/miniconda3/envs/astropy__astropy__5.1/lib/python3.9/site-packages/_pytest/config/__init__.py", line 1059, in _ensure_unconfigure
    self.hook.pytest_unconfigure(config=self)
  File "/home/swe-bench/miniconda3/envs/astropy__astropy__5.1/lib/python3.9/site-packages/pluggy/_hooks.py", line 493, in __call__
    return self._hookexec(self.name, self._hookimpls, kwargs, firstresult)
  File "/home/swe-bench/miniconda3/envs/astropy__astropy__5.1/lib/python3.9/site-packages/pluggy/_manager.py", line 115, in _hookexec
    return self._inner_hookexec(hook_name, methods, kwargs, firstresult)
  File "/home/swe-bench/miniconda3/envs/astropy__astropy__5.1/lib/python3.9/site-packages/pluggy/_callers.py", line 113, in _multicall
    raise exception.with_traceback(exception.__traceback__)
  File "/home/swe-bench/miniconda3/envs/astropy__astropy__5.1/lib/python3.9/site-packages/pluggy/_callers.py", line 77, in _multicall
    res = hook_impl.function(*args)
  File "/home/swe-bench/astropy__astropy/astropy/conftest.py", line 115, in pytest_unconfigure
    if builtins._xdg_config_home_orig is None:
AttributeError: module 'builtins' has no attribute '_xdg_config_home_orig'

ERROR conda.cli.main_run:execute(124): `conda run pytest --no-header -rA --tb=no -p no:cacheprovider astropy/io/ascii/tests/test_qdp.py` failed. (See above for error)
 
[astropy__astropy__5.1] [astropy__astropy-14365] Return Code: 1 

>>>>> Some Tests Failed
[astropy__astropy__5.1] [astropy__astropy-14365] Test script run successful 
