[pytest-dev__pytest__4.4] [pytest-dev__pytest-5227] Task Metadata:
	- Instance ID: pytest-dev__pytest-5227
	- Testbed: pytest-dev__pytest__4.4
	- Evaluation Model: aider--ollama_chat-mistral-small
	- Python version: Python 3.11.8
 
[pytest-dev__pytest__4.4] [pytest-dev__pytest-5227] Command: git -c advice.detachedHead=false checkout 2051e30b9b596e944524ccb787ed20f9f5be93e3 
[pytest-dev__pytest__4.4] [pytest-dev__pytest-5227] Subprocess args: {"cwd": "/home/swe-bench/pytest-dev__pytest", "check": true, "shell": false, "universal_newlines": true, "stdout": -1, "stderr": -2} 
[pytest-dev__pytest__4.4] [pytest-dev__pytest-5227] Std. Output:
Previous HEAD position was 4ccaa987d Merge pull request #5240 from nicoddemus/tidelift
HEAD is now at 2051e30b9 Show fixture scopes with ``--fixtures``, except for "function" scope (#5221)
 
[pytest-dev__pytest__4.4] [pytest-dev__pytest-5227] Return Code: 0 
[pytest-dev__pytest__4.4] [pytest-dev__pytest-5227] Command: git apply -v /home/swe-bench/temp_pytest-dev__pytest-5227_pred_try.patch 
[pytest-dev__pytest__4.4] [pytest-dev__pytest-5227] Subprocess args: {"cwd": "/home/swe-bench/pytest-dev__pytest", "check": false, "shell": false, "universal_newlines": true, "stdout": -1, "stderr": -2} 
[pytest-dev__pytest__4.4] [pytest-dev__pytest-5227] Std. Output:
Checking patch settings.py...
Applied patch settings.py cleanly.
 
[pytest-dev__pytest__4.4] [pytest-dev__pytest-5227] Return Code: 0 
[pytest-dev__pytest__4.4] [pytest-dev__pytest-5227] Apply patch successful (pred_try) 
>>>>> Applied Patch (pred_try)
[pytest-dev__pytest__4.4] [pytest-dev__pytest-5227] Command: git apply -v -R /home/swe-bench/temp_pytest-dev__pytest-5227_pred_try.patch 
[pytest-dev__pytest__4.4] [pytest-dev__pytest-5227] Subprocess args: {"cwd": "/home/swe-bench/pytest-dev__pytest", "check": false, "shell": false, "universal_newlines": true, "stdout": -1, "stderr": -2} 
[pytest-dev__pytest__4.4] [pytest-dev__pytest-5227] Std. Output:
Checking patch settings.py...
Applied patch settings.py cleanly.
 
[pytest-dev__pytest__4.4] [pytest-dev__pytest-5227] Return Code: 0 
[pytest-dev__pytest__4.4] [pytest-dev__pytest-5227] Revert patch successful (pred_try) 
>>>>> Applied Patch (pred_try)
[pytest-dev__pytest__4.4] [pytest-dev__pytest-5227] Command: git apply -v /home/swe-bench/temp_pytest-dev__pytest-5227_pred.patch 
[pytest-dev__pytest__4.4] [pytest-dev__pytest-5227] Subprocess args: {"cwd": "/home/swe-bench/pytest-dev__pytest", "check": false, "shell": false, "universal_newlines": true, "stdout": -1, "stderr": -2} 
[pytest-dev__pytest__4.4] [pytest-dev__pytest-5227] Std. Output:
Checking patch settings.py...
Applied patch settings.py cleanly.
 
[pytest-dev__pytest__4.4] [pytest-dev__pytest-5227] Return Code: 0 
[pytest-dev__pytest__4.4] [pytest-dev__pytest-5227] Apply patch successful (pred) 
>>>>> Applied Patch (pred)
[pytest-dev__pytest__4.4] [pytest-dev__pytest-5227] Command: git restore testing/logging/test_reporting.py 
[pytest-dev__pytest__4.4] [pytest-dev__pytest-5227] Subprocess args: {"cwd": "/home/swe-bench/pytest-dev__pytest", "check": true, "shell": false, "universal_newlines": true, "stdout": -1, "stderr": -2} 
[pytest-dev__pytest__4.4] [pytest-dev__pytest-5227] Std. Output:
 
[pytest-dev__pytest__4.4] [pytest-dev__pytest-5227] Return Code: 0 
[pytest-dev__pytest__4.4] [pytest-dev__pytest-5227] Command: git apply -v /home/swe-bench/temp_pytest-dev__pytest-5227_test.patch 
[pytest-dev__pytest__4.4] [pytest-dev__pytest-5227] Subprocess args: {"cwd": "/home/swe-bench/pytest-dev__pytest", "check": false, "shell": false, "universal_newlines": true, "stdout": -1, "stderr": -2} 
[pytest-dev__pytest__4.4] [pytest-dev__pytest-5227] Std. Output:
Checking patch testing/logging/test_reporting.py...
Applied patch testing/logging/test_reporting.py cleanly.
 
[pytest-dev__pytest__4.4] [pytest-dev__pytest-5227] Return Code: 0 
[pytest-dev__pytest__4.4] [pytest-dev__pytest-5227] Apply patch successful (test) 
>>>>> Applied Patch (test)
Test Script: conda run -n pytest-dev__pytest__4.4  pytest -rA testing/logging/test_reporting.py;
[pytest-dev__pytest__4.4] [pytest-dev__pytest-5227] Command: conda run -n pytest-dev__pytest__4.4 pytest -rA testing/logging/test_reporting.py 
[pytest-dev__pytest__4.4] [pytest-dev__pytest-5227] Subprocess args: {"cwd": "/home/swe-bench/pytest-dev__pytest", "check": false, "shell": false, "universal_newlines": true, "stdout": -1, "stderr": -2, "timeout": 1800} 
[pytest-dev__pytest__4.4] [pytest-dev__pytest-5227] Std. Output:
============================= test session starts ==============================
platform linux -- Python 3.9.19, pytest-4.4.3.dev6+g4ccaa987d, py-1.11.0, pluggy-0.13.1
rootdir: /home/swe-bench/pytest-dev__pytest, inifile: tox.ini
collected 34 items

testing/logging/test_reporting.py ..........F.F...F.................     [100%]

=================================== FAILURES ===================================
_____________________ test_log_cli_enabled_disabled[True] ______________________

testdir = <Testdir local('/tmp/pytest-of-swe-bench/pytest-0/test_log_cli_enabled_disabled0')>
enabled = True

    @pytest.mark.parametrize("enabled", [True, False])
    def test_log_cli_enabled_disabled(testdir, enabled):
        msg = "critical message logged by test"
        testdir.makepyfile(
            """
            import logging
            def test_log_cli():
                logging.critical("{}")
        """.format(
                msg
            )
        )
        if enabled:
            testdir.makeini(
                """
                [pytest]
                log_cli=true
            """
            )
        result = testdir.runpytest()
        if enabled:
>           result.stdout.fnmatch_lines(
                [
                    "test_log_cli_enabled_disabled.py::test_log_cli ",
                    "*-- live log call --*",
                    "CRITICAL *test_log_cli_enabled_disabled.py* critical message logged by test",
                    "PASSED*",
                ]
            )
E           Failed: nomatch: 'test_log_cli_enabled_disabled.py::test_log_cli '
E               and: '============================= test session starts =============================='
E               and: 'platform linux -- Python 3.9.19, pytest-4.4.3.dev6+g4ccaa987d, py-1.11.0, pluggy-0.13.1 -- /home/swe-bench/miniconda3/envs/pytest-dev__pytest__4.4/bin/python'
E               and: 'cachedir: .pytest_cache'
E               and: 'rootdir: /tmp/pytest-of-swe-bench/pytest-0/test_log_cli_enabled_disabled0, inifile: tox.ini'
E               and: 'collecting ... collected 1 item'
E               and: ''
E           exact match: 'test_log_cli_enabled_disabled.py::test_log_cli '
E           fnmatch: '*-- live log call --*'
E              with: '-------------------------------- live log call ---------------------------------'
E           nomatch: 'CRITICAL *test_log_cli_enabled_disabled.py* critical message logged by test'
E               and: 'test_log_cli_enabled_disabled.py    3 CRITICAL critical message logged by test'
E               and: 'PASSED                                                                   [100%]'
E               and: ''
E               and: '=========================== 1 passed in 0.03 seconds ==========================='
E               and: ''
E           remains unmatched: 'CRITICAL *test_log_cli_enabled_disabled.py* critical message logged by test'

/home/swe-bench/pytest-dev__pytest/testing/logging/test_reporting.py:247: Failed
----------------------------- Captured stdout call -----------------------------
============================= test session starts ==============================
platform linux -- Python 3.9.19, pytest-4.4.3.dev6+g4ccaa987d, py-1.11.0, pluggy-0.13.1 -- /home/swe-bench/miniconda3/envs/pytest-dev__pytest__4.4/bin/python
cachedir: .pytest_cache
rootdir: /tmp/pytest-of-swe-bench/pytest-0/test_log_cli_enabled_disabled0, inifile: tox.ini
collecting ... collected 1 item

test_log_cli_enabled_disabled.py::test_log_cli 
-------------------------------- live log call ---------------------------------
test_log_cli_enabled_disabled.py    3 CRITICAL critical message logged by test
PASSED                                                                   [100%]

=========================== 1 passed in 0.03 seconds ===========================
------------------------------ Captured log call -------------------------------
test_log_cli_enabled_disabled.py    3 CRITICAL critical message logged by test
__________________________ test_log_cli_default_level __________________________

testdir = <Testdir local('/tmp/pytest-of-swe-bench/pytest-0/test_log_cli_default_level0')>

    def test_log_cli_default_level(testdir):
        # Default log file level
        testdir.makepyfile(
            """
            import pytest
            import logging
            def test_log_cli(request):
                plugin = request.config.pluginmanager.getplugin('logging-plugin')
                assert plugin.log_cli_handler.level == logging.NOTSET
                logging.getLogger('catchlog').info("INFO message won't be shown")
                logging.getLogger('catchlog').warning("WARNING message will be shown")
        """
        )
        testdir.makeini(
            """
            [pytest]
            log_cli=true
        """
        )
    
        result = testdir.runpytest()
    
        # fnmatch_lines does an assertion internally
>       result.stdout.fnmatch_lines(
            [
                "test_log_cli_default_level.py::test_log_cli ",
                "WARNING*test_log_cli_default_level.py* message will be shown*",
            ]
        )
E       Failed: nomatch: 'test_log_cli_default_level.py::test_log_cli '
E           and: '============================= test session starts =============================='
E           and: 'platform linux -- Python 3.9.19, pytest-4.4.3.dev6+g4ccaa987d, py-1.11.0, pluggy-0.13.1 -- /home/swe-bench/miniconda3/envs/pytest-dev__pytest__4.4/bin/python'
E           and: 'cachedir: .pytest_cache'
E           and: 'rootdir: /tmp/pytest-of-swe-bench/pytest-0/test_log_cli_default_level0, inifile: tox.ini'
E           and: 'collecting ... collected 1 item'
E           and: ''
E       exact match: 'test_log_cli_default_level.py::test_log_cli '
E       nomatch: 'WARNING*test_log_cli_default_level.py* message will be shown*'
E           and: '-------------------------------- live log call ---------------------------------'
E           and: 'test_log_cli_default_level.py    7 WARNING  WARNING message will be shown'
E           and: 'PASSED                                                                   [100%]'
E           and: ''
E           and: '=========================== 1 passed in 0.06 seconds ==========================='
E           and: ''
E       remains unmatched: 'WARNING*test_log_cli_default_level.py* message will be shown*'

/home/swe-bench/pytest-dev__pytest/testing/logging/test_reporting.py:282: Failed
----------------------------- Captured stdout call -----------------------------
============================= test session starts ==============================
platform linux -- Python 3.9.19, pytest-4.4.3.dev6+g4ccaa987d, py-1.11.0, pluggy-0.13.1 -- /home/swe-bench/miniconda3/envs/pytest-dev__pytest__4.4/bin/python
cachedir: .pytest_cache
rootdir: /tmp/pytest-of-swe-bench/pytest-0/test_log_cli_default_level0, inifile: tox.ini
collecting ... collected 1 item

test_log_cli_default_level.py::test_log_cli 
-------------------------------- live log call ---------------------------------
test_log_cli_default_level.py    7 WARNING  WARNING message will be shown
PASSED                                                                   [100%]

=========================== 1 passed in 0.06 seconds ===========================
------------------------------ Captured log call -------------------------------
test_log_cli_default_level.py    7 WARNING  WARNING message will be shown
_______________ test_sections_single_new_line_after_test_outcome _______________

testdir = <Testdir local('/tmp/pytest-of-swe-bench/pytest-0/test_sections_single_new_line_after_test_outcome0')>
request = <FixtureRequest for <Function test_sections_single_new_line_after_test_outcome>>

    def test_sections_single_new_line_after_test_outcome(testdir, request):
        """Check that only a single new line is written between log messages during
        teardown/finish."""
        filename = request.node.name + ".py"
        testdir.makeconftest(
            """
            import pytest
            import logging
    
            def pytest_runtest_logstart():
                logging.warning('>>>>> START >>>>>')
    
            def pytest_runtest_logfinish():
                logging.warning('<<<<< END <<<<<<<')
                logging.warning('<<<<< END <<<<<<<')
        """
        )
    
        testdir.makepyfile(
            """
            import pytest
            import logging
    
            @pytest.fixture
            def fix(request):
                logging.warning("log message from setup of {}".format(request.node.name))
                yield
                logging.warning("log message from teardown of {}".format(request.node.name))
                logging.warning("log message from teardown of {}".format(request.node.name))
    
            def test_log_1(fix):
                logging.warning("log message from test_log_1")
        """
        )
        testdir.makeini(
            """
            [pytest]
            log_cli=true
        """
        )
    
        result = testdir.runpytest()
        result.stdout.fnmatch_lines(
            [
                "{}::test_log_1 ".format(filename),
                "*-- live log start --*",
                "*WARNING* >>>>> START >>>>>*",
                "*-- live log setup --*",
                "*WARNING*log message from setup of test_log_1*",
                "*-- live log call --*",
                "*WARNING*log message from test_log_1*",
                "PASSED *100%*",
                "*-- live log teardown --*",
                "*WARNING*log message from teardown of test_log_1*",
                "*-- live log finish --*",
                "*WARNING* <<<<< END <<<<<<<*",
                "*WARNING* <<<<< END <<<<<<<*",
                "=* 1 passed in *=",
            ]
        )
>       assert (
            re.search(
                r"(.+)live log teardown(.+)\nWARNING(.+)\nWARNING(.+)",
                result.stdout.str(),
                re.MULTILINE,
            )
            is not None
        )
E       AssertionError: assert None is not None
E        +  where None = <function search at 0x7fffff2a8af0>('(.+)live log teardown(.+)\\nWARNING(.+)\\nWARNING(.+)', '============================= test session starts ==============================\nplatform linux -- Python 3.9.19, py...  9 WARNING  <<<<< END <<<<<<<\n\n\n=========================== 1 passed in 0.04 seconds ===========================\n', re.MULTILINE)
E        +    where <function search at 0x7fffff2a8af0> = re.search
E        +    and   '============================= test session starts ==============================\nplatform linux -- Python 3.9.19, py...  9 WARNING  <<<<< END <<<<<<<\n\n\n=========================== 1 passed in 0.04 seconds ===========================\n' = <bound method LineMatcher.str of <_pytest.pytester.LineMatcher object at 0x7ffffdf8a1c0>>()
E        +      where <bound method LineMatcher.str of <_pytest.pytester.LineMatcher object at 0x7ffffdf8a1c0>> = <_pytest.pytester.LineMatcher object at 0x7ffffdf8a1c0>.str
E        +        where <_pytest.pytester.LineMatcher object at 0x7ffffdf8a1c0> = <RunResult ret=0 len(stdout.lines)=24 len(stderr.lines)=1 duration=0.08s>.stdout
E        +    and   re.MULTILINE = re.MULTILINE

/home/swe-bench/pytest-dev__pytest/testing/logging/test_reporting.py:524: AssertionError
----------------------------- Captured stdout call -----------------------------
============================= test session starts ==============================
platform linux -- Python 3.9.19, pytest-4.4.3.dev6+g4ccaa987d, py-1.11.0, pluggy-0.13.1 -- /home/swe-bench/miniconda3/envs/pytest-dev__pytest__4.4/bin/python
cachedir: .pytest_cache
rootdir: /tmp/pytest-of-swe-bench/pytest-0/test_sections_single_new_line_after_test_outcome0, inifile: tox.ini
collecting ... collected 1 item

test_sections_single_new_line_after_test_outcome.py::test_log_1 
-------------------------------- live log start --------------------------------
conftest.py                  5 WARNING  >>>>> START >>>>>
-------------------------------- live log setup --------------------------------
test_sections_single_new_line_after_test_outcome.py    6 WARNING  log message from setup of test_log_1
-------------------------------- live log call ---------------------------------
test_sections_single_new_line_after_test_outcome.py   12 WARNING  log message from test_log_1
PASSED                                                                   [100%]
------------------------------ live log teardown -------------------------------
test_sections_single_new_line_after_test_outcome.py    8 WARNING  log message from teardown of test_log_1
test_sections_single_new_line_after_test_outcome.py    9 WARNING  log message from teardown of test_log_1
------------------------------- live log finish --------------------------------
conftest.py                  8 WARNING  <<<<< END <<<<<<<
conftest.py                  9 WARNING  <<<<< END <<<<<<<


=========================== 1 passed in 0.04 seconds ===========================
------------------------------ Captured log call -------------------------------
conftest.py                  5 WARNING  >>>>> START >>>>>
test_sections_single_new_line_after_test_outcome.py    6 WARNING  log message from setup of test_log_1
test_sections_single_new_line_after_test_outcome.py   12 WARNING  log message from test_log_1
test_sections_single_new_line_after_test_outcome.py    8 WARNING  log message from teardown of test_log_1
test_sections_single_new_line_after_test_outcome.py    9 WARNING  log message from teardown of test_log_1
conftest.py                  8 WARNING  <<<<< END <<<<<<<
conftest.py                  9 WARNING  <<<<< END <<<<<<<
==================================== PASSES ====================================
___________________ test_live_logging_suspends_capture[True] ___________________
------------------------------ Captured log call -------------------------------
test_reporting.py          905 CRITICAL some message
__________________ test_live_logging_suspends_capture[False] ___________________
------------------------------ Captured log call -------------------------------
test_reporting.py          905 CRITICAL some message
_____________________________ test_nothing_logged ______________________________
----------------------------- Captured stdout call -----------------------------
============================= test session starts ==============================
platform linux -- Python 3.9.19, pytest-4.4.3.dev6+g4ccaa987d, py-1.11.0, pluggy-0.13.1
rootdir: /tmp/pytest-of-swe-bench/pytest-0/test_nothing_logged0
collected 1 item

test_nothing_logged.py F                                                 [100%]

=================================== FAILURES ===================================
___________________________________ test_foo ___________________________________

    def test_foo():
        sys.stdout.write('text going to stdout')
        sys.stderr.write('text going to stderr')
>       assert False
E       assert False

test_nothing_logged.py:6: AssertionError
----------------------------- Captured stdout call -----------------------------
text going to stdout
----------------------------- Captured stderr call -----------------------------
text going to stderr
=========================== 1 failed in 0.04 seconds ===========================
_____________________________ test_messages_logged _____________________________
----------------------------- Captured stdout call -----------------------------
============================= test session starts ==============================
platform linux -- Python 3.9.19, pytest-4.4.3.dev6+g4ccaa987d, py-1.11.0, pluggy-0.13.1
rootdir: /tmp/pytest-of-swe-bench/pytest-0/test_messages_logged0
collected 1 item

test_messages_logged.py F                                                [100%]

=================================== FAILURES ===================================
___________________________________ test_foo ___________________________________

    def test_foo():
        sys.stdout.write('text going to stdout')
        sys.stderr.write('text going to stderr')
        logger.info('text going to logger')
>       assert False
E       assert False

test_messages_logged.py:10: AssertionError
----------------------------- Captured stdout call -----------------------------
text going to stdout
----------------------------- Captured stderr call -----------------------------
text going to stderr
------------------------------ Captured log call -------------------------------
test_messages_logged.py      9 INFO     text going to logger
=========================== 1 failed in 0.03 seconds ===========================
------------------------------ Captured log call -------------------------------
test_messages_logged.py      9 INFO     text going to logger
__________________________ test_root_logger_affected ___________________________
----------------------------- Captured stdout call -----------------------------
============================= test session starts ==============================
platform linux -- Python 3.9.19, pytest-4.4.3.dev6+g4ccaa987d, py-1.11.0, pluggy-0.13.1
rootdir: /tmp/pytest-of-swe-bench/pytest-0/test_root_logger_affected0
collected 1 item

test_root_logger_affected.py F                                           [100%]

=================================== FAILURES ===================================
___________________________________ test_foo ___________________________________

    def test_foo():
        logger.info('info text ' + 'going to logger')
        logger.warning('warning text ' + 'going to logger')
        logger.error('error text ' + 'going to logger')
    
>       assert 0
E       assert 0

test_root_logger_affected.py:9: AssertionError
------------------------------ Captured log call -------------------------------
test_root_logger_affected.py    7 ERROR    error text going to logger
=========================== 1 failed in 0.03 seconds ===========================
------------------------------ Captured log call -------------------------------
test_root_logger_affected.py    6 WARNING  warning text going to logger
test_root_logger_affected.py    7 ERROR    error text going to logger
___________________ test_log_cli_level_log_level_interaction ___________________
----------------------------- Captured stdout call -----------------------------
============================= test session starts ==============================
platform linux -- Python 3.9.19, pytest-4.4.3.dev6+g4ccaa987d, py-1.11.0, pluggy-0.13.1 -- /home/swe-bench/miniconda3/envs/pytest-dev__pytest__4.4/bin/python
cachedir: .pytest_cache
rootdir: /tmp/pytest-of-swe-bench/pytest-0/test_log_cli_level_log_level_interaction0
collecting ... collected 1 item

test_log_cli_level_log_level_interaction.py::test_foo 
-------------------------------- live log call ---------------------------------
test_log_cli_level_log_level_interaction.py    6 INFO     info text going to logger
test_log_cli_level_log_level_interaction.py    7 WARNING  warning text going to logger
test_log_cli_level_log_level_interaction.py    8 ERROR    error text going to logger
FAILED                                                                   [100%]

=================================== FAILURES ===================================
___________________________________ test_foo ___________________________________

    def test_foo():
        logger.debug('debug text ' + 'going to logger')
        logger.info('info text ' + 'going to logger')
        logger.warning('warning text ' + 'going to logger')
        logger.error('error text ' + 'going to logger')
>       assert 0
E       assert 0

test_log_cli_level_log_level_interaction.py:9: AssertionError
------------------------------ Captured log call -------------------------------
test_log_cli_level_log_level_interaction.py    8 ERROR    error text going to logger
=========================== 1 failed in 0.02 seconds ===========================
------------------------------ Captured log call -------------------------------
test_log_cli_level_log_level_interaction.py    6 INFO     info text going to logger
test_log_cli_level_log_level_interaction.py    7 WARNING  warning text going to logger
test_log_cli_level_log_level_interaction.py    8 ERROR    error text going to logger
______________________________ test_setup_logging ______________________________
----------------------------- Captured stdout call -----------------------------
============================= test session starts ==============================
platform linux -- Python 3.9.19, pytest-4.4.3.dev6+g4ccaa987d, py-1.11.0, pluggy-0.13.1
rootdir: /tmp/pytest-of-swe-bench/pytest-0/test_setup_logging0
collected 1 item

test_setup_logging.py F                                                  [100%]

=================================== FAILURES ===================================
___________________________________ test_foo ___________________________________

    def test_foo():
        logger.info('text going to logger from call')
>       assert False
E       assert False

test_setup_logging.py:10: AssertionError
------------------------------ Captured log setup ------------------------------
test_setup_logging.py        6 INFO     text going to logger from setup
------------------------------ Captured log call -------------------------------
test_setup_logging.py        9 INFO     text going to logger from call
=========================== 1 failed in 0.02 seconds ===========================
------------------------------ Captured log call -------------------------------
test_setup_logging.py        6 INFO     text going to logger from setup
test_setup_logging.py        9 INFO     text going to logger from call
____________________________ test_teardown_logging _____________________________
----------------------------- Captured stdout call -----------------------------
============================= test session starts ==============================
platform linux -- Python 3.9.19, pytest-4.4.3.dev6+g4ccaa987d, py-1.11.0, pluggy-0.13.1
rootdir: /tmp/pytest-of-swe-bench/pytest-0/test_teardown_logging0
collected 1 item

test_teardown_logging.py .E                                              [100%]

==================================== ERRORS ====================================
________________________ ERROR at teardown of test_foo _________________________

function = <function test_foo at 0x7ffffe5a7ee0>

    def teardown_function(function):
        logger.info('text going to logger from teardown')
>       assert False
E       assert False

test_teardown_logging.py:10: AssertionError
------------------------------ Captured log call -------------------------------
test_teardown_logging.py     6 INFO     text going to logger from call
---------------------------- Captured log teardown -----------------------------
test_teardown_logging.py     9 INFO     text going to logger from teardown
====================== 1 passed, 1 error in 0.06 seconds =======================
------------------------------ Captured log call -------------------------------
test_teardown_logging.py     6 INFO     text going to logger from call
test_teardown_logging.py     9 INFO     text going to logger from teardown
__________________________ test_disable_log_capturing __________________________
----------------------------- Captured stdout call -----------------------------
============================= test session starts ==============================
platform linux -- Python 3.9.19, pytest-4.4.3.dev6+g4ccaa987d, py-1.11.0, pluggy-0.13.1
rootdir: /tmp/pytest-of-swe-bench/pytest-0/test_disable_log_capturing0
collected 1 item

test_disable_log_capturing.py F                                          [100%]

=================================== FAILURES ===================================
___________________________________ test_foo ___________________________________

    def test_foo():
        sys.stdout.write('text going to stdout')
        logger.warning('catch me if you can!')
        sys.stderr.write('text going to stderr')
>       assert False
E       assert False

test_disable_log_capturing.py:10: AssertionError
----------------------------- Captured stdout call -----------------------------
text going to stdout
----------------------------- Captured stderr call -----------------------------
text going to stderr
=========================== 1 failed in 0.02 seconds ===========================
<_pytest.pytester.LineMatcher object at 0x7ffffe1c7a60>
------------------------------ Captured log call -------------------------------
test_disable_log_capturing.py    8 WARNING  catch me if you can!
________________________ test_disable_log_capturing_ini ________________________
----------------------------- Captured stdout call -----------------------------
============================= test session starts ==============================
platform linux -- Python 3.9.19, pytest-4.4.3.dev6+g4ccaa987d, py-1.11.0, pluggy-0.13.1
rootdir: /tmp/pytest-of-swe-bench/pytest-0/test_disable_log_capturing_ini0, inifile: tox.ini
collected 1 item

test_disable_log_capturing_ini.py F                                      [100%]

=================================== FAILURES ===================================
___________________________________ test_foo ___________________________________

    def test_foo():
        sys.stdout.write('text going to stdout')
        logger.warning('catch me if you can!')
        sys.stderr.write('text going to stderr')
>       assert False
E       assert False

test_disable_log_capturing_ini.py:10: AssertionError
----------------------------- Captured stdout call -----------------------------
text going to stdout
----------------------------- Captured stderr call -----------------------------
text going to stderr
=========================== 1 failed in 0.03 seconds ===========================
<_pytest.pytester.LineMatcher object at 0x7ffffe176a90>
------------------------------ Captured log call -------------------------------
test_disable_log_capturing_ini.py    8 WARNING  catch me if you can!
_____________________ test_log_cli_enabled_disabled[False] _____________________
----------------------------- Captured stdout call -----------------------------
============================= test session starts ==============================
platform linux -- Python 3.9.19, pytest-4.4.3.dev6+g4ccaa987d, py-1.11.0, pluggy-0.13.1
rootdir: /tmp/pytest-of-swe-bench/pytest-0/test_log_cli_enabled_disabled1
collected 1 item

test_log_cli_enabled_disabled.py .                                       [100%]

=========================== 1 passed in 0.04 seconds ===========================
------------------------------ Captured log call -------------------------------
test_log_cli_enabled_disabled.py    3 CRITICAL critical message logged by test
__________________ test_log_cli_default_level_multiple_tests ___________________
----------------------------- Captured stdout call -----------------------------
============================= test session starts ==============================
platform linux -- Python 3.9.19, pytest-4.4.3.dev6+g4ccaa987d, py-1.11.0, pluggy-0.13.1 -- /home/swe-bench/miniconda3/envs/pytest-dev__pytest__4.4/bin/python
cachedir: .pytest_cache
rootdir: /tmp/pytest-of-swe-bench/pytest-0/test_log_cli_default_level_multiple_tests0, inifile: tox.ini
collecting ... collected 2 items

test_log_cli_default_level_multiple_tests.py::test_log_1 
-------------------------------- live log call ---------------------------------
test_log_cli_default_level_multiple_tests.py    4 WARNING  log message from test_log_1
PASSED                                                                   [ 50%]
test_log_cli_default_level_multiple_tests.py::test_log_2 
-------------------------------- live log call ---------------------------------
test_log_cli_default_level_multiple_tests.py    7 WARNING  log message from test_log_2
PASSED                                                                   [100%]

=========================== 2 passed in 0.03 seconds ===========================
------------------------------ Captured log call -------------------------------
test_log_cli_default_level_multiple_tests.py    4 WARNING  log message from test_log_1
test_log_cli_default_level_multiple_tests.py    7 WARNING  log message from test_log_2
_____________________ test_log_cli_default_level_sections ______________________
----------------------------- Captured stdout call -----------------------------
============================= test session starts ==============================
platform linux -- Python 3.9.19, pytest-4.4.3.dev6+g4ccaa987d, py-1.11.0, pluggy-0.13.1 -- /home/swe-bench/miniconda3/envs/pytest-dev__pytest__4.4/bin/python
cachedir: .pytest_cache
rootdir: /tmp/pytest-of-swe-bench/pytest-0/test_log_cli_default_level_sections0, inifile: tox.ini
collecting ... collected 2 items

test_log_cli_default_level_sections.py::test_log_1 
-------------------------------- live log start --------------------------------
conftest.py                  5 WARNING  >>>>> START >>>>>
-------------------------------- live log setup --------------------------------
test_log_cli_default_level_sections.py    6 WARNING  log message from setup of test_log_1
-------------------------------- live log call ---------------------------------
test_log_cli_default_level_sections.py   11 WARNING  log message from test_log_1
PASSED                                                                   [ 50%]
------------------------------ live log teardown -------------------------------
test_log_cli_default_level_sections.py    8 WARNING  log message from teardown of test_log_1
------------------------------- live log finish --------------------------------
conftest.py                  8 WARNING  <<<<< END <<<<<<<

test_log_cli_default_level_sections.py::test_log_2 
-------------------------------- live log start --------------------------------
conftest.py                  5 WARNING  >>>>> START >>>>>
-------------------------------- live log setup --------------------------------
test_log_cli_default_level_sections.py    6 WARNING  log message from setup of test_log_2
-------------------------------- live log call ---------------------------------
test_log_cli_default_level_sections.py   14 WARNING  log message from test_log_2
PASSED                                                                   [100%]
------------------------------ live log teardown -------------------------------
test_log_cli_default_level_sections.py    8 WARNING  log message from teardown of test_log_2
------------------------------- live log finish --------------------------------
conftest.py                  8 WARNING  <<<<< END <<<<<<<


=========================== 2 passed in 0.03 seconds ===========================
------------------------------ Captured log call -------------------------------
conftest.py                  5 WARNING  >>>>> START >>>>>
test_log_cli_default_level_sections.py    6 WARNING  log message from setup of test_log_1
test_log_cli_default_level_sections.py   11 WARNING  log message from test_log_1
test_log_cli_default_level_sections.py    8 WARNING  log message from teardown of test_log_1
conftest.py                  8 WARNING  <<<<< END <<<<<<<
conftest.py                  5 WARNING  >>>>> START >>>>>
test_log_cli_default_level_sections.py    6 WARNING  log message from setup of test_log_2
test_log_cli_default_level_sections.py   14 WARNING  log message from test_log_2
test_log_cli_default_level_sections.py    8 WARNING  log message from teardown of test_log_2
conftest.py                  8 WARNING  <<<<< END <<<<<<<
_______________________ test_live_logs_unknown_sections ________________________
----------------------------- Captured stdout call -----------------------------
============================= test session starts ==============================
platform linux -- Python 3.9.19, pytest-4.4.3.dev6+g4ccaa987d, py-1.11.0, pluggy-0.13.1 -- /home/swe-bench/miniconda3/envs/pytest-dev__pytest__4.4/bin/python
cachedir: .pytest_cache
rootdir: /tmp/pytest-of-swe-bench/pytest-0/test_live_logs_unknown_sections0, inifile: tox.ini
collecting ... collected 1 item

----------------------------- live log collection ------------------------------
conftest.py                  5 WARNING  Unknown Section!

test_live_logs_unknown_sections.py::test_log_1 
-------------------------------- live log start --------------------------------
conftest.py                  8 WARNING  >>>>> START >>>>>
-------------------------------- live log setup --------------------------------
test_live_logs_unknown_sections.py    6 WARNING  log message from setup of test_log_1
-------------------------------- live log call ---------------------------------
test_live_logs_unknown_sections.py   11 WARNING  log message from test_log_1
PASSED                                                                   [100%]
------------------------------ live log teardown -------------------------------
test_live_logs_unknown_sections.py    8 WARNING  log message from teardown of test_log_1
------------------------------- live log finish --------------------------------
conftest.py                 11 WARNING  <<<<< END <<<<<<<


=========================== 1 passed in 0.03 seconds ===========================
------------------------------ Captured log call -------------------------------
conftest.py                  5 WARNING  Unknown Section!
conftest.py                  8 WARNING  >>>>> START >>>>>
test_live_logs_unknown_sections.py    6 WARNING  log message from setup of test_log_1
test_live_logs_unknown_sections.py   11 WARNING  log message from test_log_1
test_live_logs_unknown_sections.py    8 WARNING  log message from teardown of test_log_1
conftest.py                 11 WARNING  <<<<< END <<<<<<<
______________________________ test_log_cli_level ______________________________
----------------------------- Captured stdout call -----------------------------
============================= test session starts ==============================
platform linux -- Python 3.9.19, pytest-4.4.3.dev6+g4ccaa987d, py-1.11.0, pluggy-0.13.1 -- /home/swe-bench/miniconda3/envs/pytest-dev__pytest__4.4/bin/python
cachedir: .pytest_cache
rootdir: /tmp/pytest-of-swe-bench/pytest-0/test_log_cli_level0, inifile: tox.ini
collecting ... collected 1 item

test_log_cli_level.py::test_log_cli 
-------------------------------- live log call ---------------------------------
test_log_cli_level.py        7 INFO     This log message will be shown
PASSED
PASSED

=========================== 1 passed in 0.02 seconds ===========================
============================= test session starts ==============================
platform linux -- Python 3.9.19, pytest-4.4.3.dev6+g4ccaa987d, py-1.11.0, pluggy-0.13.1 -- /home/swe-bench/miniconda3/envs/pytest-dev__pytest__4.4/bin/python
cachedir: .pytest_cache
rootdir: /tmp/pytest-of-swe-bench/pytest-0/test_log_cli_level0, inifile: tox.ini
collecting ... collected 1 item

test_log_cli_level.py::test_log_cli 
-------------------------------- live log call ---------------------------------
test_log_cli_level.py        7 INFO     This log message will be shown
PASSED
PASSED

=========================== 1 passed in 0.02 seconds ===========================
------------------------------ Captured log call -------------------------------
test_log_cli_level.py        7 INFO     This log message will be shown
test_log_cli_level.py        7 INFO     This log message will be shown
____________________________ test_log_cli_ini_level ____________________________
----------------------------- Captured stdout call -----------------------------
============================= test session starts ==============================
platform linux -- Python 3.9.19, pytest-4.4.3.dev6+g4ccaa987d, py-1.11.0, pluggy-0.13.1 -- /home/swe-bench/miniconda3/envs/pytest-dev__pytest__4.4/bin/python
cachedir: .pytest_cache
rootdir: /tmp/pytest-of-swe-bench/pytest-0/test_log_cli_ini_level0, inifile: tox.ini
collecting ... collected 1 item

test_log_cli_ini_level.py::test_log_cli 
-------------------------------- live log call ---------------------------------
test_log_cli_ini_level.py    7 INFO     This log message will be shown
PASSED
PASSED

=========================== 1 passed in 0.02 seconds ===========================
------------------------------ Captured log call -------------------------------
test_log_cli_ini_level.py    7 INFO     This log message will be shown
__________________________ test_log_cli_auto_enable[] __________________________
----------------------------- Captured stdout call -----------------------------
============================= test session starts ==============================
platform linux -- Python 3.9.19, pytest-4.4.3.dev6+g4ccaa987d, py-1.11.0, pluggy-0.13.1
rootdir: /tmp/pytest-of-swe-bench/pytest-0/test_log_cli_auto_enable0, inifile: tox.ini
collected 1 item

test_log_cli_auto_enable.py .                                            [100%]

=========================== 1 passed in 0.02 seconds ===========================
------------------------------ Captured log call -------------------------------
test_log_cli_auto_enable.py    4 INFO     log message from test_log_1 not to be shown
test_log_cli_auto_enable.py    5 WARNING  log message from test_log_1
________________ test_log_cli_auto_enable[--log-level=WARNING] _________________
----------------------------- Captured stdout call -----------------------------
============================= test session starts ==============================
platform linux -- Python 3.9.19, pytest-4.4.3.dev6+g4ccaa987d, py-1.11.0, pluggy-0.13.1
rootdir: /tmp/pytest-of-swe-bench/pytest-0/test_log_cli_auto_enable1, inifile: tox.ini
collected 1 item

test_log_cli_auto_enable.py .                                            [100%]

=========================== 1 passed in 0.03 seconds ===========================
------------------------------ Captured log call -------------------------------
test_log_cli_auto_enable.py    5 WARNING  log message from test_log_1
______________ test_log_cli_auto_enable[--log-file-level=WARNING] ______________
----------------------------- Captured stdout call -----------------------------
============================= test session starts ==============================
platform linux -- Python 3.9.19, pytest-4.4.3.dev6+g4ccaa987d, py-1.11.0, pluggy-0.13.1
rootdir: /tmp/pytest-of-swe-bench/pytest-0/test_log_cli_auto_enable2, inifile: tox.ini
collected 1 item

test_log_cli_auto_enable.py .                                            [100%]

=========================== 1 passed in 0.06 seconds ===========================
------------------------------ Captured log call -------------------------------
test_log_cli_auto_enable.py    4 INFO     log message from test_log_1 not to be shown
test_log_cli_auto_enable.py    5 WARNING  log message from test_log_1
______________ test_log_cli_auto_enable[--log-cli-level=WARNING] _______________
----------------------------- Captured stdout call -----------------------------
============================= test session starts ==============================
platform linux -- Python 3.9.19, pytest-4.4.3.dev6+g4ccaa987d, py-1.11.0, pluggy-0.13.1 -- /home/swe-bench/miniconda3/envs/pytest-dev__pytest__4.4/bin/python
cachedir: .pytest_cache
rootdir: /tmp/pytest-of-swe-bench/pytest-0/test_log_cli_auto_enable3, inifile: tox.ini
collecting ... collected 1 item

test_log_cli_auto_enable.py::test_log_1 
-------------------------------- live log call ---------------------------------
test_log_cli_auto_enable.py    5 WARNING  log message from test_log_1
PASSED                                                                   [100%]

=========================== 1 passed in 0.05 seconds ===========================
------------------------------ Captured log call -------------------------------
test_log_cli_auto_enable.py    4 INFO     log message from test_log_1 not to be shown
test_log_cli_auto_enable.py    5 WARNING  log message from test_log_1
______________________________ test_log_file_cli _______________________________
----------------------------- Captured stdout call -----------------------------
============================= test session starts ==============================
platform linux -- Python 3.9.19, pytest-4.4.3.dev6+g4ccaa987d, py-1.11.0, pluggy-0.13.1
rootdir: /tmp/pytest-of-swe-bench/pytest-0/test_log_file_cli0
collected 1 item

test_log_file_cli.py PASSED
.

=========================== 1 passed in 0.11 seconds ===========================
------------------------------ Captured log call -------------------------------
test_log_file_cli.py         7 WARNING  This log message will be shown
___________________________ test_log_file_cli_level ____________________________
----------------------------- Captured stdout call -----------------------------
============================= test session starts ==============================
platform linux -- Python 3.9.19, pytest-4.4.3.dev6+g4ccaa987d, py-1.11.0, pluggy-0.13.1
rootdir: /tmp/pytest-of-swe-bench/pytest-0/test_log_file_cli_level0
collected 1 item

test_log_file_cli_level.py PASSED
.

=========================== 1 passed in 0.02 seconds ===========================
------------------------------ Captured log call -------------------------------
test_log_file_cli_level.py    7 INFO     This log message will be shown
____________________ test_log_level_not_changed_by_default _____________________
----------------------------- Captured stdout call -----------------------------
============================= test session starts ==============================
platform linux -- Python 3.9.19, pytest-4.4.3.dev6+g4ccaa987d, py-1.11.0, pluggy-0.13.1
rootdir: /tmp/pytest-of-swe-bench/pytest-0/test_log_level_not_changed_by_default0
collected 1 item

test_log_level_not_changed_by_default.py .

=========================== 1 passed in 0.01 seconds ===========================
______________________________ test_log_file_ini _______________________________
----------------------------- Captured stdout call -----------------------------
============================= test session starts ==============================
platform linux -- Python 3.9.19, pytest-4.4.3.dev6+g4ccaa987d, py-1.11.0, pluggy-0.13.1
rootdir: /tmp/pytest-of-swe-bench/pytest-0/test_log_file_ini0, inifile: tox.ini
collected 1 item

test_log_file_ini.py PASSED
.

=========================== 1 passed in 0.02 seconds ===========================
------------------------------ Captured log call -------------------------------
test_log_file_ini.py         7 WARNING  This log message will be shown
___________________________ test_log_file_ini_level ____________________________
----------------------------- Captured stdout call -----------------------------
============================= test session starts ==============================
platform linux -- Python 3.9.19, pytest-4.4.3.dev6+g4ccaa987d, py-1.11.0, pluggy-0.13.1
rootdir: /tmp/pytest-of-swe-bench/pytest-0/test_log_file_ini_level0, inifile: tox.ini
collected 1 item

test_log_file_ini_level.py PASSED
.

=========================== 1 passed in 0.04 seconds ===========================
------------------------------ Captured log call -------------------------------
test_log_file_ini_level.py    7 INFO     This log message will be shown
____________________________ test_log_file_unicode _____________________________
----------------------------- Captured stdout call -----------------------------
============================= test session starts ==============================
platform linux -- Python 3.9.19, pytest-4.4.3.dev6+g4ccaa987d, py-1.11.0, pluggy-0.13.1
rootdir: /tmp/pytest-of-swe-bench/pytest-0/test_log_file_unicode0, inifile: tox.ini
collected 1 item

test_log_file_unicode.py .                                               [100%]

=========================== 1 passed in 0.02 seconds ===========================
------------------------------ Captured log call -------------------------------
test_log_file_unicode.py     6 INFO     Normal message
test_log_file_unicode.py     7 INFO     ├
test_log_file_unicode.py     8 INFO     Another normal message
_________________________ test_collection_live_logging _________________________
----------------------------- Captured stdout call -----------------------------
============================= test session starts ==============================
platform linux -- Python 3.9.19, pytest-4.4.3.dev6+g4ccaa987d, py-1.11.0, pluggy-0.13.1 -- /home/swe-bench/miniconda3/envs/pytest-dev__pytest__4.4/bin/python
cachedir: .pytest_cache
rootdir: /tmp/pytest-of-swe-bench/pytest-0/test_collection_live_logging0
collecting ... 
----------------------------- live log collection ------------------------------
test_collection_live_logging.py    3 INFO     Normal message
collected 0 items

========================= no tests ran in 0.02 seconds =========================
------------------------------ Captured log call -------------------------------
test_collection_live_logging.py    3 INFO     Normal message
_______________________ test_collection_logging_to_file ________________________
----------------------------- Captured stdout call -----------------------------
============================= test session starts ==============================
platform linux -- Python 3.9.19, pytest-4.4.3.dev6+g4ccaa987d, py-1.11.0, pluggy-0.13.1
rootdir: /tmp/pytest-of-swe-bench/pytest-0/test_collection_logging_to_file0, inifile: tox.ini
collected 1 item

test_collection_logging_to_file.py .                                     [100%]

=========================== 1 passed in 0.04 seconds ===========================
------------------------------ Captured log call -------------------------------
test_collection_logging_to_file.py    3 INFO     Normal message
test_collection_logging_to_file.py    7 INFO     info message in test_simple
______________________________ test_log_in_hooks _______________________________
----------------------------- Captured stdout call -----------------------------

---------------------------- live log sessionstart -----------------------------
conftest.py                  7 INFO     sessionstart
============================= test session starts ==============================
platform linux -- Python 3.9.19, pytest-4.4.3.dev6+g4ccaa987d, py-1.11.0, pluggy-0.13.1 -- /home/swe-bench/miniconda3/envs/pytest-dev__pytest__4.4/bin/python
cachedir: .pytest_cache
rootdir: /tmp/pytest-of-swe-bench/pytest-0/test_log_in_hooks0, inifile: tox.ini
collecting ... collected 0 items
----------------------------- live log collection ------------------------------
conftest.py                  4 INFO     runtestloop
---------------------------- live log sessionfinish ----------------------------
conftest.py                 10 INFO     sessionfinish

========================= no tests ran in 0.00 seconds =========================
------------------------------ Captured log call -------------------------------
conftest.py                  7 INFO     sessionstart
conftest.py                  4 INFO     runtestloop
conftest.py                 10 INFO     sessionfinish
________________________ test_log_in_runtest_logreport _________________________
----------------------------- Captured stdout call -----------------------------
============================= test session starts ==============================
platform linux -- Python 3.9.19, pytest-4.4.3.dev6+g4ccaa987d, py-1.11.0, pluggy-0.13.1 -- /home/swe-bench/miniconda3/envs/pytest-dev__pytest__4.4/bin/python
cachedir: .pytest_cache
rootdir: /tmp/pytest-of-swe-bench/pytest-0/test_log_in_runtest_logreport0, inifile: tox.ini
collecting ... collected 1 item

test_log_in_runtest_logreport.py::test_first 
------------------------------ live log logreport ------------------------------
conftest.py                  5 INFO     logreport
PASSED                                                                   [100%]------------------------------ live log logreport ------------------------------
conftest.py                  5 INFO     logreport
------------------------------ live log logreport ------------------------------
conftest.py                  5 INFO     logreport


=========================== 1 passed in 0.02 seconds ===========================
------------------------------ Captured log call -------------------------------
conftest.py                  5 INFO     logreport
conftest.py                  5 INFO     logreport
conftest.py                  5 INFO     logreport
______________________________ test_log_set_path _______________________________
----------------------------- Captured stdout call -----------------------------
============================= test session starts ==============================
platform linux -- Python 3.9.19, pytest-4.4.3.dev6+g4ccaa987d, py-1.11.0, pluggy-0.13.1 -- /home/swe-bench/miniconda3/envs/pytest-dev__pytest__4.4/bin/python
cachedir: .pytest_cache
rootdir: /tmp/pytest-of-swe-bench/pytest-0/test_log_set_path0, inifile: tox.ini
collecting ... collected 2 items

test_log_set_path.py::test_first 
-------------------------------- live log call ---------------------------------
test_log_set_path.py         4 INFO     message from test 1
PASSED                                                                   [ 50%]
test_log_set_path.py::test_second 
-------------------------------- live log call ---------------------------------
test_log_set_path.py         8 DEBUG    message from test 2
PASSED                                                                   [100%]

=========================== 2 passed in 0.02 seconds ===========================
----------------------------- Captured stderr call -----------------------------
Exception ignored in: <_io.FileIO name='/tmp/pytest-of-swe-bench/pytest-0/test_log_set_path0/test_first' mode='wb' closefd=True>
Traceback (most recent call last):
  File "/home/swe-bench/pytest-dev__pytest/src/_pytest/logging.py", line 479, in set_log_path
    self.log_file_handler = logging.FileHandler(
ResourceWarning: unclosed file <_io.TextIOWrapper name='/tmp/pytest-of-swe-bench/pytest-0/test_log_set_path0/test_first' mode='w' encoding='UTF-8'>
------------------------------ Captured log call -------------------------------
test_log_set_path.py         4 INFO     message from test 1
test_log_set_path.py         8 DEBUG    message from test 2
=========================== short test summary info ============================
FAILED testing/logging/test_reporting.py::test_log_cli_enabled_disabled[True]
FAILED testing/logging/test_reporting.py::test_log_cli_default_level
FAILED testing/logging/test_reporting.py::test_sections_single_new_line_after_test_outcome
PASSED testing/logging/test_reporting.py::test_live_logging_suspends_capture[True]
PASSED testing/logging/test_reporting.py::test_live_logging_suspends_capture[False]
PASSED testing/logging/test_reporting.py::test_nothing_logged
PASSED testing/logging/test_reporting.py::test_messages_logged
PASSED testing/logging/test_reporting.py::test_root_logger_affected
PASSED testing/logging/test_reporting.py::test_log_cli_level_log_level_interaction
PASSED testing/logging/test_reporting.py::test_setup_logging
PASSED testing/logging/test_reporting.py::test_teardown_logging
PASSED testing/logging/test_reporting.py::test_disable_log_capturing
PASSED testing/logging/test_reporting.py::test_disable_log_capturing_ini
PASSED testing/logging/test_reporting.py::test_log_cli_enabled_disabled[False]
PASSED testing/logging/test_reporting.py::test_log_cli_default_level_multiple_tests
PASSED testing/logging/test_reporting.py::test_log_cli_default_level_sections
PASSED testing/logging/test_reporting.py::test_live_logs_unknown_sections
PASSED testing/logging/test_reporting.py::test_log_cli_level
PASSED testing/logging/test_reporting.py::test_log_cli_ini_level
PASSED testing/logging/test_reporting.py::test_log_cli_auto_enable[]
PASSED testing/logging/test_reporting.py::test_log_cli_auto_enable[--log-level=WARNING]
PASSED testing/logging/test_reporting.py::test_log_cli_auto_enable[--log-file-level=WARNING]
PASSED testing/logging/test_reporting.py::test_log_cli_auto_enable[--log-cli-level=WARNING]
PASSED testing/logging/test_reporting.py::test_log_file_cli
PASSED testing/logging/test_reporting.py::test_log_file_cli_level
PASSED testing/logging/test_reporting.py::test_log_level_not_changed_by_default
PASSED testing/logging/test_reporting.py::test_log_file_ini
PASSED testing/logging/test_reporting.py::test_log_file_ini_level
PASSED testing/logging/test_reporting.py::test_log_file_unicode
PASSED testing/logging/test_reporting.py::test_collection_live_logging
PASSED testing/logging/test_reporting.py::test_collection_logging_to_file
PASSED testing/logging/test_reporting.py::test_log_in_hooks
PASSED testing/logging/test_reporting.py::test_log_in_runtest_logreport
PASSED testing/logging/test_reporting.py::test_log_set_path
===================== 3 failed, 31 passed in 3.33 seconds ======================
ERROR conda.cli.main_run:execute(124): `conda run pytest -rA testing/logging/test_reporting.py` failed. (See above for error)

 
[pytest-dev__pytest__4.4] [pytest-dev__pytest-5227] Return Code: 1 

>>>>> Some Tests Failed
[pytest-dev__pytest__4.4] [pytest-dev__pytest-5227] Test script run successful 
