[scikit-learn__scikit-learn__1.3] [scikit-learn__scikit-learn-25638] Task Metadata:
	- Instance ID: scikit-learn__scikit-learn-25638
	- Testbed: scikit-learn__scikit-learn__1.3
	- Evaluation Model: aider--ollama_chat-mistral-small
	- Python version: Python 3.9.19
 
[scikit-learn__scikit-learn__1.3] [scikit-learn__scikit-learn-25638] Command: git -c advice.detachedHead=false checkout 6adb209acd63825affc884abcd85381f148fb1b0 
[scikit-learn__scikit-learn__1.3] [scikit-learn__scikit-learn-25638] Subprocess args: {"cwd": "/opt/scikit-learn__scikit-learn", "check": true, "shell": false, "universal_newlines": true, "stdout": -1, "stderr": -2} 
[scikit-learn__scikit-learn__1.3] [scikit-learn__scikit-learn-25638] Std. Output:
HEAD is now at 6adb209ac FIX renormalization of y_pred inside log_loss (#25299)
 
[scikit-learn__scikit-learn__1.3] [scikit-learn__scikit-learn-25638] Return Code: 0 
[scikit-learn__scikit-learn__1.3] [scikit-learn__scikit-learn-25638] Command: git apply -v /opt/temp_scikit-learn__scikit-learn-25638_pred_try.patch 
[scikit-learn__scikit-learn__1.3] [scikit-learn__scikit-learn-25638] Subprocess args: {"cwd": "/opt/scikit-learn__scikit-learn", "check": false, "shell": false, "universal_newlines": true, "stdout": -1, "stderr": -2} 
[scikit-learn__scikit-learn__1.3] [scikit-learn__scikit-learn-25638] Std. Output:
Checking patch sklearn/utils/__init__.py...
Checking patch sklearn/utils/multiclass.py...
Applied patch sklearn/utils/__init__.py cleanly.
Applied patch sklearn/utils/multiclass.py cleanly.
 
[scikit-learn__scikit-learn__1.3] [scikit-learn__scikit-learn-25638] Return Code: 0 
[scikit-learn__scikit-learn__1.3] [scikit-learn__scikit-learn-25638] Apply patch successful (pred_try) 
>>>>> Applied Patch (pred_try)
[scikit-learn__scikit-learn__1.3] [scikit-learn__scikit-learn-25638] Command: git apply -v -R /opt/temp_scikit-learn__scikit-learn-25638_pred_try.patch 
[scikit-learn__scikit-learn__1.3] [scikit-learn__scikit-learn-25638] Subprocess args: {"cwd": "/opt/scikit-learn__scikit-learn", "check": false, "shell": false, "universal_newlines": true, "stdout": -1, "stderr": -2} 
[scikit-learn__scikit-learn__1.3] [scikit-learn__scikit-learn-25638] Std. Output:
Checking patch sklearn/utils/multiclass.py...
Checking patch sklearn/utils/__init__.py...
Applied patch sklearn/utils/multiclass.py cleanly.
Applied patch sklearn/utils/__init__.py cleanly.
 
[scikit-learn__scikit-learn__1.3] [scikit-learn__scikit-learn-25638] Return Code: 0 
[scikit-learn__scikit-learn__1.3] [scikit-learn__scikit-learn-25638] Revert patch successful (pred_try) 
>>>>> Applied Patch (pred_try)
[scikit-learn__scikit-learn__1.3] [scikit-learn__scikit-learn-25638] Command: git apply -v /opt/temp_scikit-learn__scikit-learn-25638_pred.patch 
[scikit-learn__scikit-learn__1.3] [scikit-learn__scikit-learn-25638] Subprocess args: {"cwd": "/opt/scikit-learn__scikit-learn", "check": false, "shell": false, "universal_newlines": true, "stdout": -1, "stderr": -2} 
[scikit-learn__scikit-learn__1.3] [scikit-learn__scikit-learn-25638] Std. Output:
Checking patch sklearn/utils/__init__.py...
Checking patch sklearn/utils/multiclass.py...
Applied patch sklearn/utils/__init__.py cleanly.
Applied patch sklearn/utils/multiclass.py cleanly.
 
[scikit-learn__scikit-learn__1.3] [scikit-learn__scikit-learn-25638] Return Code: 0 
[scikit-learn__scikit-learn__1.3] [scikit-learn__scikit-learn-25638] Apply patch successful (pred) 
>>>>> Applied Patch (pred)
[scikit-learn__scikit-learn__1.3] [scikit-learn__scikit-learn-25638] Command: git restore sklearn/metrics/tests/test_classification.py 
[scikit-learn__scikit-learn__1.3] [scikit-learn__scikit-learn-25638] Subprocess args: {"cwd": "/opt/scikit-learn__scikit-learn", "check": true, "shell": false, "universal_newlines": true, "stdout": -1, "stderr": -2} 
[scikit-learn__scikit-learn__1.3] [scikit-learn__scikit-learn-25638] Std. Output:
 
[scikit-learn__scikit-learn__1.3] [scikit-learn__scikit-learn-25638] Return Code: 0 
[scikit-learn__scikit-learn__1.3] [scikit-learn__scikit-learn-25638] Command: git restore sklearn/preprocessing/tests/test_label.py 
[scikit-learn__scikit-learn__1.3] [scikit-learn__scikit-learn-25638] Subprocess args: {"cwd": "/opt/scikit-learn__scikit-learn", "check": true, "shell": false, "universal_newlines": true, "stdout": -1, "stderr": -2} 
[scikit-learn__scikit-learn__1.3] [scikit-learn__scikit-learn-25638] Std. Output:
 
[scikit-learn__scikit-learn__1.3] [scikit-learn__scikit-learn-25638] Return Code: 0 
[scikit-learn__scikit-learn__1.3] [scikit-learn__scikit-learn-25638] Command: git restore sklearn/utils/tests/test_multiclass.py 
[scikit-learn__scikit-learn__1.3] [scikit-learn__scikit-learn-25638] Subprocess args: {"cwd": "/opt/scikit-learn__scikit-learn", "check": true, "shell": false, "universal_newlines": true, "stdout": -1, "stderr": -2} 
[scikit-learn__scikit-learn__1.3] [scikit-learn__scikit-learn-25638] Std. Output:
 
[scikit-learn__scikit-learn__1.3] [scikit-learn__scikit-learn-25638] Return Code: 0 
[scikit-learn__scikit-learn__1.3] [scikit-learn__scikit-learn-25638] Command: git apply -v /opt/temp_scikit-learn__scikit-learn-25638_test.patch 
[scikit-learn__scikit-learn__1.3] [scikit-learn__scikit-learn-25638] Subprocess args: {"cwd": "/opt/scikit-learn__scikit-learn", "check": false, "shell": false, "universal_newlines": true, "stdout": -1, "stderr": -2} 
[scikit-learn__scikit-learn__1.3] [scikit-learn__scikit-learn-25638] Std. Output:
Checking patch sklearn/metrics/tests/test_classification.py...
Checking patch sklearn/preprocessing/tests/test_label.py...
Checking patch sklearn/utils/tests/test_multiclass.py...
Applied patch sklearn/metrics/tests/test_classification.py cleanly.
Applied patch sklearn/preprocessing/tests/test_label.py cleanly.
Applied patch sklearn/utils/tests/test_multiclass.py cleanly.
 
[scikit-learn__scikit-learn__1.3] [scikit-learn__scikit-learn-25638] Return Code: 0 
[scikit-learn__scikit-learn__1.3] [scikit-learn__scikit-learn-25638] Apply patch successful (test) 
>>>>> Applied Patch (test)
Test Script:  pytest -rA --tb=no -p no:cacheprovider sklearn/metrics/tests/test_classification.py sklearn/preprocessing/tests/test_label.py sklearn/utils/tests/test_multiclass.py;
[scikit-learn__scikit-learn__1.3] [scikit-learn__scikit-learn-25638] Command: pytest -rA --tb=no -p no:cacheprovider sklearn/metrics/tests/test_classification.py sklearn/preprocessing/tests/test_label.py sklearn/utils/tests/test_multiclass.py 
[scikit-learn__scikit-learn__1.3] [scikit-learn__scikit-learn-25638] Subprocess args: {"cwd": "/opt/scikit-learn__scikit-learn", "check": false, "shell": false, "universal_newlines": true, "stdout": -1, "stderr": -2, "timeout": 1800} 
[scikit-learn__scikit-learn__1.3] [scikit-learn__scikit-learn-25638] Std. Output:
Traceback (most recent call last):
  File "/opt/pyenv/versions/3.9.19/lib/python3.9/site-packages/_pytest/config/__init__.py", line 865, in import_plugin
    __import__(importspec)
  File "/opt/scikit-learn__scikit-learn/sklearn/__init__.py", line 82, in <module>
    from .base import clone
  File "/opt/scikit-learn__scikit-learn/sklearn/base.py", line 17, in <module>
    from .utils import _IS_32BIT
  File "/opt/scikit-learn__scikit-learn/sklearn/utils/__init__.py", line 1, in <module>
    from ._array_api import (
ImportError: cannot import name '_is_arraylike' from 'sklearn.utils._array_api' (/opt/scikit-learn__scikit-learn/sklearn/utils/_array_api.py)

The above exception was the direct cause of the following exception:

Traceback (most recent call last):
  File "/opt/pyenv/versions/3.9.19/bin/pytest", line 8, in <module>
    sys.exit(console_main())
  File "/opt/pyenv/versions/3.9.19/lib/python3.9/site-packages/_pytest/config/__init__.py", line 206, in console_main
    code = main()
  File "/opt/pyenv/versions/3.9.19/lib/python3.9/site-packages/_pytest/config/__init__.py", line 159, in main
    config = _prepareconfig(args, plugins)
  File "/opt/pyenv/versions/3.9.19/lib/python3.9/site-packages/_pytest/config/__init__.py", line 346, in _prepareconfig
    config = pluginmanager.hook.pytest_cmdline_parse(
  File "/opt/pyenv/versions/3.9.19/lib/python3.9/site-packages/pluggy/_hooks.py", line 513, in __call__
    return self._hookexec(self.name, self._hookimpls.copy(), kwargs, firstresult)
  File "/opt/pyenv/versions/3.9.19/lib/python3.9/site-packages/pluggy/_manager.py", line 120, in _hookexec
    return self._inner_hookexec(hook_name, methods, kwargs, firstresult)
  File "/opt/pyenv/versions/3.9.19/lib/python3.9/site-packages/pluggy/_callers.py", line 139, in _multicall
    raise exception.with_traceback(exception.__traceback__)
  File "/opt/pyenv/versions/3.9.19/lib/python3.9/site-packages/pluggy/_callers.py", line 122, in _multicall
    teardown.throw(exception)  # type: ignore[union-attr]
  File "/opt/pyenv/versions/3.9.19/lib/python3.9/site-packages/_pytest/helpconfig.py", line 106, in pytest_cmdline_parse
    config = yield
  File "/opt/pyenv/versions/3.9.19/lib/python3.9/site-packages/pluggy/_callers.py", line 103, in _multicall
    res = hook_impl.function(*args)
  File "/opt/pyenv/versions/3.9.19/lib/python3.9/site-packages/_pytest/config/__init__.py", line 1152, in pytest_cmdline_parse
    self.parse(args)
  File "/opt/pyenv/versions/3.9.19/lib/python3.9/site-packages/_pytest/config/__init__.py", line 1501, in parse
    self._preparse(args, addopts=addopts)
  File "/opt/pyenv/versions/3.9.19/lib/python3.9/site-packages/_pytest/config/__init__.py", line 1384, in _preparse
    self.pluginmanager.consider_preparse(args, exclude_only=False)
  File "/opt/pyenv/versions/3.9.19/lib/python3.9/site-packages/_pytest/config/__init__.py", line 794, in consider_preparse
    self.consider_pluginarg(parg)
  File "/opt/pyenv/versions/3.9.19/lib/python3.9/site-packages/_pytest/config/__init__.py", line 817, in consider_pluginarg
    self.import_plugin(arg, consider_entry_points=True)
  File "/opt/pyenv/versions/3.9.19/lib/python3.9/site-packages/_pytest/config/__init__.py", line 867, in import_plugin
    raise ImportError(
  File "/opt/pyenv/versions/3.9.19/lib/python3.9/site-packages/_pytest/config/__init__.py", line 865, in import_plugin
    __import__(importspec)
  File "/opt/scikit-learn__scikit-learn/sklearn/__init__.py", line 82, in <module>
    from .base import clone
  File "/opt/scikit-learn__scikit-learn/sklearn/base.py", line 17, in <module>
    from .utils import _IS_32BIT
  File "/opt/scikit-learn__scikit-learn/sklearn/utils/__init__.py", line 1, in <module>
    from ._array_api import (
ImportError: Error importing plugin "sklearn.tests.random_seed": cannot import name '_is_arraylike' from 'sklearn.utils._array_api' (/opt/scikit-learn__scikit-learn/sklearn/utils/_array_api.py)
 
[scikit-learn__scikit-learn__1.3] [scikit-learn__scikit-learn-25638] Return Code: 1 

>>>>> Some Tests Failed
[scikit-learn__scikit-learn__1.3] [scikit-learn__scikit-learn-25638] Test script run successful 
